{
  "RSpec": {
    "coverage": {
      "/Users/bengittins/Projects/Makers/week_10/bank_tech_test/spec/account_spec.rb": {
        "lines": [
          null,
          null,
          1,
          null,
          1,
          1,
          1,
          null,
          null,
          1,
          1,
          null,
          null,
          1,
          1,
          1,
          null,
          null,
          1,
          1,
          1,
          1,
          1,
          1,
          1,
          null,
          null,
          null,
          1,
          1,
          1,
          1,
          1,
          1,
          1,
          null,
          null,
          1,
          1,
          1,
          1,
          1,
          null,
          1,
          1,
          null,
          null,
          null,
          1,
          1,
          1,
          1,
          1,
          null,
          null,
          1,
          2,
          null,
          null,
          null
        ]
      },
      "/Users/bengittins/Projects/Makers/week_10/bank_tech_test/lib/account.rb": {
        "lines": [
          null,
          null,
          1,
          1,
          null,
          1,
          16,
          16,
          16,
          null,
          null,
          1,
          12,
          12,
          12,
          null,
          null,
          1,
          7,
          6,
          6,
          6,
          null,
          1,
          null,
          null,
          null,
          1,
          20,
          null,
          null
        ]
      },
      "/Users/bengittins/Projects/Makers/week_10/bank_tech_test/spec/features/user_can_create_transactions_spec.rb": {
        "lines": [
          null,
          null,
          1,
          null,
          1,
          1,
          1,
          1,
          1,
          null,
          null,
          1,
          1,
          1,
          1,
          1,
          1,
          null,
          null,
          1,
          1,
          1,
          1,
          1,
          null,
          null,
          1,
          1,
          1,
          1,
          1,
          null,
          null,
          1,
          1,
          1,
          1,
          1,
          1,
          null,
          null,
          1,
          1,
          1,
          1,
          null,
          null,
          null
        ]
      },
      "/Users/bengittins/Projects/Makers/week_10/bank_tech_test/spec/features/user_can_print_statements_spec.rb": {
        "lines": [
          null,
          null,
          1,
          1,
          null,
          1,
          1,
          1,
          1,
          1,
          1,
          null,
          null,
          1,
          1,
          1,
          1,
          1,
          1,
          null,
          null
        ]
      },
      "/Users/bengittins/Projects/Makers/week_10/bank_tech_test/lib/printer.rb": {
        "lines": [
          null,
          null,
          1,
          1,
          9,
          null,
          null,
          1,
          6,
          null,
          6,
          9,
          6,
          null,
          3,
          null,
          null,
          6,
          null,
          null,
          1,
          5,
          5,
          1,
          null,
          4,
          4,
          null,
          null,
          null
        ]
      },
      "/Users/bengittins/Projects/Makers/week_10/bank_tech_test/spec/printer_spec.rb": {
        "lines": [
          null,
          null,
          1,
          null,
          1,
          1,
          1,
          1,
          null,
          null,
          1,
          1,
          null,
          null,
          1,
          1,
          null,
          null,
          null,
          1,
          1,
          1,
          1,
          null,
          null,
          1,
          1,
          1,
          1,
          null,
          null,
          1,
          1,
          1,
          null,
          null,
          1,
          1,
          1,
          1,
          null,
          null,
          null
        ]
      },
      "/Users/bengittins/Projects/Makers/week_10/bank_tech_test/spec/transaction_spec.rb": {
        "lines": [
          null,
          null,
          1,
          null,
          1,
          1,
          1,
          null,
          1,
          1,
          null,
          null,
          1,
          1,
          null,
          null,
          1,
          1,
          null,
          null,
          1,
          1,
          null,
          null
        ]
      },
      "/Users/bengittins/Projects/Makers/week_10/bank_tech_test/lib/transaction.rb": {
        "lines": [
          null,
          null,
          1,
          1,
          null,
          1,
          18,
          18,
          18,
          18,
          null,
          null
        ]
      }
    },
    "timestamp": 1582900271
  }
}
